<?xml version="1.0" encoding="UTF-8"?>
<!-- Generated by org.testng.reporters.JUnitXMLReporter -->
<testsuite ignored="0" hostname="SK-SHAREEF9133" failures="0" tests="6" name="Sample Test" time="16.112" errors="0" timestamp="16 Jun 2025 12:17:13 GMT">
  <testcase classname="CCBP" name="loginWithValidCredentials" time="0.779"/>
  <testcase classname="CCBP" name="loginWithValidCredentials" time="0.73"/>
  <testcase classname="CCBP2" name="loginWithValidCredentials" time="0.728"/>
  <testcase classname="CCBP2" name="loginWithValidCredentials" time="0.767"/>
  <testcase classname="CCBP" name="loginWithInvalidCredentials" time="0.79"/>
  <testcase classname="CCBP2" name="loginWithInvalidCredentials" time="0.738"/>
</testsuite> <!-- Sample Test -->
