<?xml version="1.0" encoding="UTF-8"?>
<!-- Generated by org.testng.reporters.JUnitXMLReporter -->
<testsuite ignored="0" hostname="SK-SHAREEF9133" failures="0" tests="5" name="LoginAndHomePageTest" time="13.2" errors="0" timestamp="16 Jun 2025 16:33:11 GMT">
  <testcase classname="CCBP" name="checkHeadingElement" time="0.587"/>
  <testcase classname="CCBP" name="clickOnShopNowButton" time="0.631"/>
  <testcase classname="CCBP2" name="loginWithValidCredentials" time="0.719"/>
  <testcase classname="CCBP2" name="loginWithValidCredentials" time="0.819"/>
  <testcase classname="CCBP2" name="loginWithInvalidCredentials" time="0.794"/>
</testsuite> <!-- LoginAndHomePageTest -->
