<?xml version="1.0" encoding="UTF-8"?>
<!-- Generated by org.testng.reporters.JUnitXMLReporter -->
<testsuite ignored="0" hostname="SK-SHAREEF9133" failures="0" tests="3" name="LoginAndHomePageTest1" time="9.352" errors="0" timestamp="16 Jun 2025 16:39:25 GMT">
  <testcase classname="CCBP2" name="loginWithValidCredentials" time="0.839"/>
  <testcase classname="CCBP2" name="loginWithValidCredentials" time="0.919"/>
  <testcase classname="CCBP2" name="loginWithInvalidCredentials" time="0.802"/>
</testsuite> <!-- LoginAndHomePageTest1 -->
